<?xml version="1.0" encoding="UTF-8"?>
<robot generator="Robot 6.1.1 (Python 3.10.12 on win32)" generated="20240122 12:59:54.438" rpa="true" schemaversion="4">
<suite id="s1" name="Tasks" source="c:\Users\stefa\3AInformatica_Prjs\009.sensors_data_analysis\3AAI\SensorAnalysis\robocorp\speech_recognition\tasks.robot">
<test id="s1-t1" name="Interpret Human Voice and Write to File" line="37">
<kw name="Capture Audio">
<var>${audio_file}</var>
<doc>Capture audio from the microphone using ffmpeg</doc>
<kw name="Run Keyword And Return Status" library="BuiltIn">
<var>${audio_file}</var>
<arg>Start Audio Recording</arg>
<arg>${AUDIO_FILE}</arg>
<doc>Runs the given keyword with given arguments and returns the status as a Boolean value.</doc>
<kw name="Start Audio Recording">
<arg>${AUDIO_FILE}</arg>
<kw name="Run Process" library="Process">
<var>${output}</var>
<arg>ffmpeg</arg>
<arg>-f dshow -i audio="Microphone" -t 5</arg>
<arg>${output_file}</arg>
<doc>Runs a process and waits for it to complete.</doc>
<msg timestamp="20240122 12:59:54.581" level="FAIL">Keyword 'Process.Run Process' got positional argument after named arguments.</msg>
<status status="FAIL" starttime="20240122 12:59:54.580" endtime="20240122 12:59:54.581"/>
</kw>
<status status="FAIL" starttime="20240122 12:59:54.579" endtime="20240122 12:59:54.581"/>
</kw>
<msg timestamp="20240122 12:59:54.581" level="INFO">${audio_file} = False</msg>
<status status="PASS" starttime="20240122 12:59:54.579" endtime="20240122 12:59:54.581"/>
</kw>
<msg timestamp="20240122 12:59:54.582" level="INFO">${audio_file} = False</msg>
<status status="PASS" starttime="20240122 12:59:54.578" endtime="20240122 12:59:54.582"/>
</kw>
<kw name="Convert Audio to Text">
<var>${text}</var>
<arg>${audio_file}</arg>
<kw name="Run Process" library="Process">
<var>${output}</var>
<arg>python</arg>
<arg>-m speech_recognition</arg>
<arg>${audio_file}</arg>
<doc>Runs a process and waits for it to complete.</doc>
<msg timestamp="20240122 12:59:54.584" level="INFO">Starting process:
python "-m speech_recognition" False</msg>
<msg timestamp="20240122 12:59:54.590" level="INFO">Waiting for process to complete.</msg>
<msg timestamp="20240122 12:59:54.737" level="INFO">Process completed.</msg>
<msg timestamp="20240122 12:59:54.738" level="INFO">${output} = &lt;result object with rc 1&gt;</msg>
<status status="PASS" starttime="20240122 12:59:54.583" endtime="20240122 12:59:54.738"/>
</kw>
<msg timestamp="20240122 12:59:54.739" level="INFO">${text} = </msg>
<status status="PASS" starttime="20240122 12:59:54.582" endtime="20240122 12:59:54.739"/>
</kw>
<kw name="Input Text">
<var>${user_input}</var>
<arg>Enter text for processing</arg>
<kw name="Input Dialog">
<var>${user_input}</var>
<arg>${prompt}</arg>
<msg timestamp="20240122 12:59:54.745" level="FAIL">No keyword with name 'Input Dialog' found.</msg>
<status status="FAIL" starttime="20240122 12:59:54.745" endtime="20240122 12:59:54.745"/>
</kw>
<status status="FAIL" starttime="20240122 12:59:54.739" endtime="20240122 12:59:54.746"/>
</kw>
<kw name="Write Text to File">
<arg>${user_input}</arg>
<doc>Write the recognized text to a file</doc>
<status status="NOT RUN" starttime="20240122 12:59:54.746" endtime="20240122 12:59:54.747"/>
</kw>
<kw name="Log" library="BuiltIn">
<arg>Text written to ${TEXT_FILE}</arg>
<doc>Logs the given message with the given level.</doc>
<status status="NOT RUN" starttime="20240122 12:59:54.747" endtime="20240122 12:59:54.748"/>
</kw>
<status status="FAIL" starttime="20240122 12:59:54.577" endtime="20240122 12:59:54.749">No keyword with name 'Input Dialog' found.</status>
</test>
<status status="FAIL" starttime="20240122 12:59:54.440" endtime="20240122 12:59:54.751"/>
</suite>
<statistics>
<total>
<stat pass="0" fail="1" skip="0">All Tasks</stat>
</total>
<tag>
</tag>
<suite>
<stat pass="0" fail="1" skip="0" id="s1" name="Tasks">Tasks</stat>
</suite>
</statistics>
<errors>
<msg timestamp="20240122 12:59:54.574" level="ERROR">Error in file 'c:\Users\stefa\3AInformatica_Prjs\009.sensors_data_analysis\3AAI\SensorAnalysis\robocorp\speech_recognition\tasks.robot' on line 4: Importing library 'RPA.Dialog' failed: Module 'RPA' does not contain 'Dialog'.</msg>
</errors>
</robot>
